#-----------------------------------------------------------
# Vivado v2020.1 (64-bit)
# SW Build 2902540 on Wed May 27 19:54:49 MDT 2020
# IP Build 2902112 on Wed May 27 22:43:36 MDT 2020
# Start of session at: Wed Nov 25 17:18:10 2020
# Process ID: 6972
# Current directory: D:/Andrei/facultate/An 3/ssc/ProiectSSCMasurareTemp
# Command line: vivado.exe -gui_launcher_event rodinguilauncherevent4172 D:\Andrei\facultate\An 3\ssc\ProiectSSCMasurareTemp\ProiectSSCMasurareTemp.xpr
# Log file: D:/Andrei/facultate/An 3/ssc/ProiectSSCMasurareTemp/vivado.log
# Journal file: D:/Andrei/facultate/An 3/ssc/ProiectSSCMasurareTemp\vivado.jou
#-----------------------------------------------------------
start_gui
open_project {D:/Andrei/facultate/An 3/ssc/ProiectSSCMasurareTemp/ProiectSSCMasurareTemp.xpr}
INFO: [Project 1-313] Project file moved from 'D:/An3/An3 Sem1/SSC/ProiectSSCMasurareTemp' since last save.
Scanning sources...
Finished scanning sources
INFO: [IP_Flow 19-234] Refreshing IP repositories
INFO: [IP_Flow 19-1704] No user IP repositories specified
INFO: [IP_Flow 19-2313] Loaded Vivado IP repository 'D:/Xilinx/Vivado/2020.1/data/ip'.
open_project: Time (s): cpu = 00:00:20 ; elapsed = 00:00:18 . Memory (MB): peak = 1012.621 ; gain = 0.000
update_compile_order -fileset sources_1
update_compile_order -fileset sources_1
exit
INFO: [Common 17-206] Exiting Vivado at Wed Nov 25 20:05:49 2020...
